#
# There is insufficient memory for the Java Runtime Environment to continue.
# Native memory allocation (malloc) failed to allocate 1117696 bytes. Error detail: Chunk::new
# Possible reasons:
#   The system is out of physical RAM or swap space
#   This process is running with CompressedOops enabled, and the Java Heap may be blocking the growth of the native heap
# Possible solutions:
#   Reduce memory load on the system
#   Increase physical memory or swap space
#   Check if swap backing store is full
#   Decrease Java heap size (-Xmx/-Xms)
#   Decrease number of Java threads
#   Decrease Java thread stack sizes (-Xss)
#   Set larger code cache with -XX:ReservedCodeCacheSize=
#   JVM is running with Zero Based Compressed Oops mode in which the Java heap is
#     placed in the first 32GB address space. The Java Heap base address is the
#     maximum limit for the native heap growth. Please use -XX:HeapBaseMinAddress
#     to set the Java Heap base and to place the Java Heap above 32GB virtual address.
# This output file may be truncated or incomplete.
#
#  Out of Memory Error (arena.cpp:168), pid=13180, tid=20524
#
# JRE version: OpenJDK Runtime Environment JBR-21.0.6+8-631.39-jcef (21.0.6+8) (build 21.0.6+8-b631.39)
# Java VM: OpenJDK 64-Bit Server VM JBR-21.0.6+8-631.39-jcef (21.0.6+8-b631.39, mixed mode, sharing, tiered, compressed oops, compressed class ptrs, g1 gc, windows-amd64)
# No core dump will be written. Minidumps are not enabled by default on client versions of Windows
#

---------------  S U M M A R Y ------------

Command Line: git4idea.http.GitAskPassApp Username for 'https://github.com': 

Host: Intel(R) Core(TM) Ultra 5 125H, 18 cores, 15G,  Windows 11 , 64 bit Build 26100 (10.0.26100.6725)
Time: Fri Oct 31 08:54:43 2025  Windows 11 , 64 bit Build 26100 (10.0.26100.6725) elapsed time: 5.634007 seconds (0d 0h 0m 5s)

---------------  T H R E A D  ---------------

Current thread (0x000001a5f65fc880):  JavaThread "C2 CompilerThread1" daemon [_thread_in_native, id=20524, stack(0x0000009782600000,0x0000009782700000) (1024K)]


Current CompileTask:
C2:5634 1128       4       sun.security.ec.ECOperations::setDouble (463 bytes)

Stack: [0x0000009782600000,0x0000009782700000]
Native frames: (J=compiled Java code, j=interpreted, Vv=VM code, C=native code)
V  [jvm.dll+0x6e5d39]
V  [jvm.dll+0x8c4133]
V  [jvm.dll+0x8c668e]
V  [jvm.dll+0x8c6d73]
V  [jvm.dll+0x288f76]
V  [jvm.dll+0xc66dd]
V  [jvm.dll+0xc6c13]
V  [jvm.dll+0x2feb80]
V  [jvm.dll+0x60c8b9]
V  [jvm.dll+0x2598d2]
V  [jvm.dll+0x259c8f]
V  [jvm.dll+0x252435]
V  [jvm.dll+0x24fc8e]
V  [jvm.dll+0x1cd6c4]
V  [jvm.dll+0x25f60c]
V  [jvm.dll+0x25db56]
V  [jvm.dll+0x3ff756]
V  [jvm.dll+0x86bd48]
V  [jvm.dll+0x6e453d]
C  [ucrtbase.dll+0x37b0]
C  [KERNEL32.DLL+0x2e8d7]
C  [ntdll.dll+0x8c53c]


---------------  P R O C E S S  ---------------

Threads class SMR info:
_java_thread_list=0x000001a5f6493520, length=16, elements={
0x000001a5d5f591a0, 0x000001a5f18ba3f0, 0x000001a5f18bb7c0, 0x000001a5f18bfe40,
0x000001a5f18c04a0, 0x000001a5f18c0b00, 0x000001a5f18c1160, 0x000001a5f18c1af0,
0x000001a5f0abe7a0, 0x000001a5f19fd5c0, 0x000001a5f1a0b5c0, 0x000001a5f645d0a0,
0x000001a5f64ab490, 0x000001a5f65556d0, 0x000001a5f65fbce0, 0x000001a5f65fc880
}

Java Threads: ( => current thread )
  0x000001a5d5f591a0 JavaThread "main"                              [_thread_blocked, id=7144, stack(0x0000009780f00000,0x0000009781000000) (1024K)]
  0x000001a5f18ba3f0 JavaThread "Reference Handler"          daemon [_thread_blocked, id=27740, stack(0x0000009781700000,0x0000009781800000) (1024K)]
  0x000001a5f18bb7c0 JavaThread "Finalizer"                  daemon [_thread_blocked, id=29592, stack(0x0000009781800000,0x0000009781900000) (1024K)]
  0x000001a5f18bfe40 JavaThread "Signal Dispatcher"          daemon [_thread_blocked, id=26332, stack(0x0000009781900000,0x0000009781a00000) (1024K)]
  0x000001a5f18c04a0 JavaThread "Attach Listener"            daemon [_thread_blocked, id=28256, stack(0x0000009781a00000,0x0000009781b00000) (1024K)]
  0x000001a5f18c0b00 JavaThread "Service Thread"             daemon [_thread_blocked, id=27368, stack(0x0000009781b00000,0x0000009781c00000) (1024K)]
  0x000001a5f18c1160 JavaThread "Monitor Deflation Thread"   daemon [_thread_blocked, id=4220, stack(0x0000009781c00000,0x0000009781d00000) (1024K)]
  0x000001a5f18c1af0 JavaThread "C2 CompilerThread0"         daemon [_thread_blocked, id=7732, stack(0x0000009781d00000,0x0000009781e00000) (1024K)]
  0x000001a5f0abe7a0 JavaThread "C1 CompilerThread0"         daemon [_thread_blocked, id=20568, stack(0x0000009781e00000,0x0000009781f00000) (1024K)]
  0x000001a5f19fd5c0 JavaThread "Notification Thread"        daemon [_thread_blocked, id=27916, stack(0x0000009782000000,0x0000009782100000) (1024K)]
  0x000001a5f1a0b5c0 JavaThread "Common-Cleaner"             daemon [_thread_blocked, id=1944, stack(0x0000009782100000,0x0000009782200000) (1024K)]
  0x000001a5f645d0a0 JavaThread "HttpClient-1-SelectorManager" daemon [_thread_in_native, id=9092, stack(0x0000009782200000,0x0000009782300000) (1024K)]
  0x000001a5f64ab490 JavaThread "HttpClient-1-Worker-0"      daemon [_thread_blocked, id=26520, stack(0x0000009782400000,0x0000009782500000) (1024K)]
  0x000001a5f65556d0 JavaThread "HttpClient-1-Worker-1"      daemon [_thread_blocked, id=22268, stack(0x0000009781f00000,0x0000009782000000) (1024K)]
  0x000001a5f65fbce0 JavaThread "C1 CompilerThread1"         daemon [_thread_blocked, id=19508, stack(0x0000009782500000,0x0000009782600000) (1024K)]
=>0x000001a5f65fc880 JavaThread "C2 CompilerThread1"         daemon [_thread_in_native, id=20524, stack(0x0000009782600000,0x0000009782700000) (1024K)]
Total: 16

Other Threads:
  0x000001a5f0a7eab0 VMThread "VM Thread"                           [id=20020, stack(0x0000009781600000,0x0000009781700000) (1024K)]
  0x000001a5f0a6d390 WatcherThread "VM Periodic Task Thread"        [id=23136, stack(0x0000009781500000,0x0000009781600000) (1024K)]
  0x000001a5d5fc1c10 WorkerThread "GC Thread#0"                     [id=24084, stack(0x0000009781000000,0x0000009781100000) (1024K)]
  0x000001a5d5fd3580 ConcurrentGCThread "G1 Main Marker"            [id=29144, stack(0x0000009781100000,0x0000009781200000) (1024K)]
  0x000001a5d5fd4f00 WorkerThread "G1 Conc#0"                       [id=29272, stack(0x0000009781200000,0x0000009781300000) (1024K)]
  0x000001a5f093c400 ConcurrentGCThread "G1 Refine#0"               [id=20696, stack(0x0000009781300000,0x0000009781400000) (1024K)]
  0x000001a5f093f850 ConcurrentGCThread "G1 Service"                [id=18224, stack(0x0000009781400000,0x0000009781500000) (1024K)]
Total: 7

Threads with active compile tasks:
C2 CompilerThread1  5649 1128       4       sun.security.ec.ECOperations::setDouble (463 bytes)
Total: 1

VM state: not at safepoint (normal execution)

VM Mutex/Monitor currently owned by a thread: None

Heap address: 0x0000000706800000, size: 3992 MB, Compressed Oops mode: Zero based, Oop shift amount: 3

CDS archive(s) mapped at: [0x000001a580000000-0x000001a580d00000-0x000001a580d00000), size 13631488, SharedBaseAddress: 0x000001a580000000, ArchiveRelocationMode: 1.
Compressed class space mapped at: 0x000001a581000000-0x000001a5c1000000, reserved size: 1073741824
Narrow klass base: 0x000001a580000000, Narrow klass shift: 0, Narrow klass range: 0x100000000

GC Precious Log:
 CardTable entry size: 512
 Card Set container configuration: InlinePtr #cards 4 size 8 Array Of Cards #cards 16 size 48 Howl #buckets 8 coarsen threshold 3686 Howl Bitmap #cards 512 size 80 coarsen threshold 460 Card regions per heap region 1 cards per card region 4096
 CPUs: 18 total, 18 available
 Memory: 15964M
 Large Page Support: Disabled
 NUMA Support: Disabled
 Compressed Oops: Enabled (Zero based)
 Heap Region Size: 2M
 Heap Min Capacity: 8M
 Heap Initial Capacity: 250M
 Heap Max Capacity: 3992M
 Pre-touch: Disabled
 Parallel Workers: 14
 Concurrent Workers: 4
 Concurrent Refinement Workers: 14
 Periodic GC: Disabled

Heap:
 garbage-first heap   total 256000K, used 16384K [0x0000000706800000, 0x0000000800000000)
  region size 2048K, 9 young (18432K), 0 survivors (0K)
 Metaspace       used 9063K, committed 9280K, reserved 1114112K
  class space    used 1036K, committed 1152K, reserved 1048576K

Heap Regions: E=young(eden), S=young(survivor), O=old, HS=humongous(starts), HC=humongous(continues), CS=collection set, F=free, TAMS=top-at-mark-start, PB=parsable bottom
|   0|0x0000000706800000, 0x0000000706800000, 0x0000000706a00000|  0%| F|  |TAMS 0x0000000706800000| PB 0x0000000706800000| Untracked 
|   1|0x0000000706a00000, 0x0000000706a00000, 0x0000000706c00000|  0%| F|  |TAMS 0x0000000706a00000| PB 0x0000000706a00000| Untracked 
|   2|0x0000000706c00000, 0x0000000706c00000, 0x0000000706e00000|  0%| F|  |TAMS 0x0000000706c00000| PB 0x0000000706c00000| Untracked 
|   3|0x0000000706e00000, 0x0000000706e00000, 0x0000000707000000|  0%| F|  |TAMS 0x0000000706e00000| PB 0x0000000706e00000| Untracked 
|   4|0x0000000707000000, 0x0000000707000000, 0x0000000707200000|  0%| F|  |TAMS 0x0000000707000000| PB 0x0000000707000000| Untracked 
|   5|0x0000000707200000, 0x0000000707200000, 0x0000000707400000|  0%| F|  |TAMS 0x0000000707200000| PB 0x0000000707200000| Untracked 
|   6|0x0000000707400000, 0x0000000707400000, 0x0000000707600000|  0%| F|  |TAMS 0x0000000707400000| PB 0x0000000707400000| Untracked 
|   7|0x0000000707600000, 0x0000000707600000, 0x0000000707800000|  0%| F|  |TAMS 0x0000000707600000| PB 0x0000000707600000| Untracked 
|   8|0x0000000707800000, 0x0000000707800000, 0x0000000707a00000|  0%| F|  |TAMS 0x0000000707800000| PB 0x0000000707800000| Untracked 
|   9|0x0000000707a00000, 0x0000000707a00000, 0x0000000707c00000|  0%| F|  |TAMS 0x0000000707a00000| PB 0x0000000707a00000| Untracked 
|  10|0x0000000707c00000, 0x0000000707c00000, 0x0000000707e00000|  0%| F|  |TAMS 0x0000000707c00000| PB 0x0000000707c00000| Untracked 
|  11|0x0000000707e00000, 0x0000000707e00000, 0x0000000708000000|  0%| F|  |TAMS 0x0000000707e00000| PB 0x0000000707e00000| Untracked 
|  12|0x0000000708000000, 0x0000000708000000, 0x0000000708200000|  0%| F|  |TAMS 0x0000000708000000| PB 0x0000000708000000| Untracked 
|  13|0x0000000708200000, 0x0000000708200000, 0x0000000708400000|  0%| F|  |TAMS 0x0000000708200000| PB 0x0000000708200000| Untracked 
|  14|0x0000000708400000, 0x0000000708400000, 0x0000000708600000|  0%| F|  |TAMS 0x0000000708400000| PB 0x0000000708400000| Untracked 
|  15|0x0000000708600000, 0x0000000708600000, 0x0000000708800000|  0%| F|  |TAMS 0x0000000708600000| PB 0x0000000708600000| Untracked 
|  16|0x0000000708800000, 0x0000000708800000, 0x0000000708a00000|  0%| F|  |TAMS 0x0000000708800000| PB 0x0000000708800000| Untracked 
|  17|0x0000000708a00000, 0x0000000708a00000, 0x0000000708c00000|  0%| F|  |TAMS 0x0000000708a00000| PB 0x0000000708a00000| Untracked 
|  18|0x0000000708c00000, 0x0000000708c00000, 0x0000000708e00000|  0%| F|  |TAMS 0x0000000708c00000| PB 0x0000000708c00000| Untracked 
|  19|0x0000000708e00000, 0x0000000708e00000, 0x0000000709000000|  0%| F|  |TAMS 0x0000000708e00000| PB 0x0000000708e00000| Untracked 
|  20|0x0000000709000000, 0x0000000709000000, 0x0000000709200000|  0%| F|  |TAMS 0x0000000709000000| PB 0x0000000709000000| Untracked 
|  21|0x0000000709200000, 0x0000000709200000, 0x0000000709400000|  0%| F|  |TAMS 0x0000000709200000| PB 0x0000000709200000| Untracked 
|  22|0x0000000709400000, 0x0000000709400000, 0x0000000709600000|  0%| F|  |TAMS 0x0000000709400000| PB 0x0000000709400000| Untracked 
|  23|0x0000000709600000, 0x0000000709600000, 0x0000000709800000|  0%| F|  |TAMS 0x0000000709600000| PB 0x0000000709600000| Untracked 
|  24|0x0000000709800000, 0x0000000709800000, 0x0000000709a00000|  0%| F|  |TAMS 0x0000000709800000| PB 0x0000000709800000| Untracked 
|  25|0x0000000709a00000, 0x0000000709a00000, 0x0000000709c00000|  0%| F|  |TAMS 0x0000000709a00000| PB 0x0000000709a00000| Untracked 
|  26|0x0000000709c00000, 0x0000000709c00000, 0x0000000709e00000|  0%| F|  |TAMS 0x0000000709c00000| PB 0x0000000709c00000| Untracked 
|  27|0x0000000709e00000, 0x0000000709e00000, 0x000000070a000000|  0%| F|  |TAMS 0x0000000709e00000| PB 0x0000000709e00000| Untracked 
|  28|0x000000070a000000, 0x000000070a000000, 0x000000070a200000|  0%| F|  |TAMS 0x000000070a000000| PB 0x000000070a000000| Untracked 
|  29|0x000000070a200000, 0x000000070a200000, 0x000000070a400000|  0%| F|  |TAMS 0x000000070a200000| PB 0x000000070a200000| Untracked 
|  30|0x000000070a400000, 0x000000070a400000, 0x000000070a600000|  0%| F|  |TAMS 0x000000070a400000| PB 0x000000070a400000| Untracked 
|  31|0x000000070a600000, 0x000000070a600000, 0x000000070a800000|  0%| F|  |TAMS 0x000000070a600000| PB 0x000000070a600000| Untracked 
|  32|0x000000070a800000, 0x000000070a800000, 0x000000070aa00000|  0%| F|  |TAMS 0x000000070a800000| PB 0x000000070a800000| Untracked 
|  33|0x000000070aa00000, 0x000000070aa00000, 0x000000070ac00000|  0%| F|  |TAMS 0x000000070aa00000| PB 0x000000070aa00000| Untracked 
|  34|0x000000070ac00000, 0x000000070ac00000, 0x000000070ae00000|  0%| F|  |TAMS 0x000000070ac00000| PB 0x000000070ac00000| Untracked 
|  35|0x000000070ae00000, 0x000000070ae00000, 0x000000070b000000|  0%| F|  |TAMS 0x000000070ae00000| PB 0x000000070ae00000| Untracked 
|  36|0x000000070b000000, 0x000000070b000000, 0x000000070b200000|  0%| F|  |TAMS 0x000000070b000000| PB 0x000000070b000000| Untracked 
|  37|0x000000070b200000, 0x000000070b200000, 0x000000070b400000|  0%| F|  |TAMS 0x000000070b200000| PB 0x000000070b200000| Untracked 
|  38|0x000000070b400000, 0x000000070b400000, 0x000000070b600000|  0%| F|  |TAMS 0x000000070b400000| PB 0x000000070b400000| Untracked 
|  39|0x000000070b600000, 0x000000070b600000, 0x000000070b800000|  0%| F|  |TAMS 0x000000070b600000| PB 0x000000070b600000| Untracked 
|  40|0x000000070b800000, 0x000000070b800000, 0x000000070ba00000|  0%| F|  |TAMS 0x000000070b800000| PB 0x000000070b800000| Untracked 
|  41|0x000000070ba00000, 0x000000070ba00000, 0x000000070bc00000|  0%| F|  |TAMS 0x000000070ba00000| PB 0x000000070ba00000| Untracked 
|  42|0x000000070bc00000, 0x000000070bc00000, 0x000000070be00000|  0%| F|  |TAMS 0x000000070bc00000| PB 0x000000070bc00000| Untracked 
|  43|0x000000070be00000, 0x000000070be00000, 0x000000070c000000|  0%| F|  |TAMS 0x000000070be00000| PB 0x000000070be00000| Untracked 
|  44|0x000000070c000000, 0x000000070c000000, 0x000000070c200000|  0%| F|  |TAMS 0x000000070c000000| PB 0x000000070c000000| Untracked 
|  45|0x000000070c200000, 0x000000070c200000, 0x000000070c400000|  0%| F|  |TAMS 0x000000070c200000| PB 0x000000070c200000| Untracked 
|  46|0x000000070c400000, 0x000000070c400000, 0x000000070c600000|  0%| F|  |TAMS 0x000000070c400000| PB 0x000000070c400000| Untracked 
|  47|0x000000070c600000, 0x000000070c600000, 0x000000070c800000|  0%| F|  |TAMS 0x000000070c600000| PB 0x000000070c600000| Untracked 
|  48|0x000000070c800000, 0x000000070c800000, 0x000000070ca00000|  0%| F|  |TAMS 0x000000070c800000| PB 0x000000070c800000| Untracked 
|  49|0x000000070ca00000, 0x000000070ca00000, 0x000000070cc00000|  0%| F|  |TAMS 0x000000070ca00000| PB 0x000000070ca00000| Untracked 
|  50|0x000000070cc00000, 0x000000070cc00000, 0x000000070ce00000|  0%| F|  |TAMS 0x000000070cc00000| PB 0x000000070cc00000| Untracked 
|  51|0x000000070ce00000, 0x000000070ce00000, 0x000000070d000000|  0%| F|  |TAMS 0x000000070ce00000| PB 0x000000070ce00000| Untracked 
|  52|0x000000070d000000, 0x000000070d000000, 0x000000070d200000|  0%| F|  |TAMS 0x000000070d000000| PB 0x000000070d000000| Untracked 
|  53|0x000000070d200000, 0x000000070d200000, 0x000000070d400000|  0%| F|  |TAMS 0x000000070d200000| PB 0x000000070d200000| Untracked 
|  54|0x000000070d400000, 0x000000070d400000, 0x000000070d600000|  0%| F|  |TAMS 0x000000070d400000| PB 0x000000070d400000| Untracked 
|  55|0x000000070d600000, 0x000000070d600000, 0x000000070d800000|  0%| F|  |TAMS 0x000000070d600000| PB 0x000000070d600000| Untracked 
|  56|0x000000070d800000, 0x000000070d800000, 0x000000070da00000|  0%| F|  |TAMS 0x000000070d800000| PB 0x000000070d800000| Untracked 
|  57|0x000000070da00000, 0x000000070da00000, 0x000000070dc00000|  0%| F|  |TAMS 0x000000070da00000| PB 0x000000070da00000| Untracked 
|  58|0x000000070dc00000, 0x000000070dc00000, 0x000000070de00000|  0%| F|  |TAMS 0x000000070dc00000| PB 0x000000070dc00000| Untracked 
|  59|0x000000070de00000, 0x000000070de00000, 0x000000070e000000|  0%| F|  |TAMS 0x000000070de00000| PB 0x000000070de00000| Untracked 
|  60|0x000000070e000000, 0x000000070e000000, 0x000000070e200000|  0%| F|  |TAMS 0x000000070e000000| PB 0x000000070e000000| Untracked 
|  61|0x000000070e200000, 0x000000070e200000, 0x000000070e400000|  0%| F|  |TAMS 0x000000070e200000| PB 0x000000070e200000| Untracked 
|  62|0x000000070e400000, 0x000000070e400000, 0x000000070e600000|  0%| F|  |TAMS 0x000000070e400000| PB 0x000000070e400000| Untracked 
|  63|0x000000070e600000, 0x000000070e600000, 0x000000070e800000|  0%| F|  |TAMS 0x000000070e600000| PB 0x000000070e600000| Untracked 
|  64|0x000000070e800000, 0x000000070e800000, 0x000000070ea00000|  0%| F|  |TAMS 0x000000070e800000| PB 0x000000070e800000| Untracked 
|  65|0x000000070ea00000, 0x000000070ea00000, 0x000000070ec00000|  0%| F|  |TAMS 0x000000070ea00000| PB 0x000000070ea00000| Untracked 
|  66|0x000000070ec00000, 0x000000070ec00000, 0x000000070ee00000|  0%| F|  |TAMS 0x000000070ec00000| PB 0x000000070ec00000| Untracked 
|  67|0x000000070ee00000, 0x000000070ee00000, 0x000000070f000000|  0%| F|  |TAMS 0x000000070ee00000| PB 0x000000070ee00000| Untracked 
|  68|0x000000070f000000, 0x000000070f000000, 0x000000070f200000|  0%| F|  |TAMS 0x000000070f000000| PB 0x000000070f000000| Untracked 
|  69|0x000000070f200000, 0x000000070f200000, 0x000000070f400000|  0%| F|  |TAMS 0x000000070f200000| PB 0x000000070f200000| Untracked 
|  70|0x000000070f400000, 0x000000070f400000, 0x000000070f600000|  0%| F|  |TAMS 0x000000070f400000| PB 0x000000070f400000| Untracked 
|  71|0x000000070f600000, 0x000000070f600000, 0x000000070f800000|  0%| F|  |TAMS 0x000000070f600000| PB 0x000000070f600000| Untracked 
|  72|0x000000070f800000, 0x000000070f800000, 0x000000070fa00000|  0%| F|  |TAMS 0x000000070f800000| PB 0x000000070f800000| Untracked 
|  73|0x000000070fa00000, 0x000000070fa00000, 0x000000070fc00000|  0%| F|  |TAMS 0x000000070fa00000| PB 0x000000070fa00000| Untracked 
|  74|0x000000070fc00000, 0x000000070fc00000, 0x000000070fe00000|  0%| F|  |TAMS 0x000000070fc00000| PB 0x000000070fc00000| Untracked 
|  75|0x000000070fe00000, 0x000000070fe00000, 0x0000000710000000|  0%| F|  |TAMS 0x000000070fe00000| PB 0x000000070fe00000| Untracked 
|  76|0x0000000710000000, 0x0000000710000000, 0x0000000710200000|  0%| F|  |TAMS 0x0000000710000000| PB 0x0000000710000000| Untracked 
|  77|0x0000000710200000, 0x0000000710200000, 0x0000000710400000|  0%| F|  |TAMS 0x0000000710200000| PB 0x0000000710200000| Untracked 
|  78|0x0000000710400000, 0x0000000710400000, 0x0000000710600000|  0%| F|  |TAMS 0x0000000710400000| PB 0x0000000710400000| Untracked 
|  79|0x0000000710600000, 0x0000000710600000, 0x0000000710800000|  0%| F|  |TAMS 0x0000000710600000| PB 0x0000000710600000| Untracked 
|  80|0x0000000710800000, 0x0000000710800000, 0x0000000710a00000|  0%| F|  |TAMS 0x0000000710800000| PB 0x0000000710800000| Untracked 
|  81|0x0000000710a00000, 0x0000000710a00000, 0x0000000710c00000|  0%| F|  |TAMS 0x0000000710a00000| PB 0x0000000710a00000| Untracked 
|  82|0x0000000710c00000, 0x0000000710c00000, 0x0000000710e00000|  0%| F|  |TAMS 0x0000000710c00000| PB 0x0000000710c00000| Untracked 
|  83|0x0000000710e00000, 0x0000000710e00000, 0x0000000711000000|  0%| F|  |TAMS 0x0000000710e00000| PB 0x0000000710e00000| Untracked 
|  84|0x0000000711000000, 0x0000000711000000, 0x0000000711200000|  0%| F|  |TAMS 0x0000000711000000| PB 0x0000000711000000| Untracked 
|  85|0x0000000711200000, 0x0000000711200000, 0x0000000711400000|  0%| F|  |TAMS 0x0000000711200000| PB 0x0000000711200000| Untracked 
|  86|0x0000000711400000, 0x0000000711400000, 0x0000000711600000|  0%| F|  |TAMS 0x0000000711400000| PB 0x0000000711400000| Untracked 
|  87|0x0000000711600000, 0x0000000711600000, 0x0000000711800000|  0%| F|  |TAMS 0x0000000711600000| PB 0x0000000711600000| Untracked 
|  88|0x0000000711800000, 0x0000000711800000, 0x0000000711a00000|  0%| F|  |TAMS 0x0000000711800000| PB 0x0000000711800000| Untracked 
|  89|0x0000000711a00000, 0x0000000711a00000, 0x0000000711c00000|  0%| F|  |TAMS 0x0000000711a00000| PB 0x0000000711a00000| Untracked 
|  90|0x0000000711c00000, 0x0000000711c00000, 0x0000000711e00000|  0%| F|  |TAMS 0x0000000711c00000| PB 0x0000000711c00000| Untracked 
|  91|0x0000000711e00000, 0x0000000711e00000, 0x0000000712000000|  0%| F|  |TAMS 0x0000000711e00000| PB 0x0000000711e00000| Untracked 
|  92|0x0000000712000000, 0x0000000712000000, 0x0000000712200000|  0%| F|  |TAMS 0x0000000712000000| PB 0x0000000712000000| Untracked 
|  93|0x0000000712200000, 0x0000000712200000, 0x0000000712400000|  0%| F|  |TAMS 0x0000000712200000| PB 0x0000000712200000| Untracked 
|  94|0x0000000712400000, 0x0000000712400000, 0x0000000712600000|  0%| F|  |TAMS 0x0000000712400000| PB 0x0000000712400000| Untracked 
|  95|0x0000000712600000, 0x0000000712600000, 0x0000000712800000|  0%| F|  |TAMS 0x0000000712600000| PB 0x0000000712600000| Untracked 
|  96|0x0000000712800000, 0x0000000712800000, 0x0000000712a00000|  0%| F|  |TAMS 0x0000000712800000| PB 0x0000000712800000| Untracked 
|  97|0x0000000712a00000, 0x0000000712a00000, 0x0000000712c00000|  0%| F|  |TAMS 0x0000000712a00000| PB 0x0000000712a00000| Untracked 
|  98|0x0000000712c00000, 0x0000000712c00000, 0x0000000712e00000|  0%| F|  |TAMS 0x0000000712c00000| PB 0x0000000712c00000| Untracked 
|  99|0x0000000712e00000, 0x0000000712e00000, 0x0000000713000000|  0%| F|  |TAMS 0x0000000712e00000| PB 0x0000000712e00000| Untracked 
| 100|0x0000000713000000, 0x0000000713000000, 0x0000000713200000|  0%| F|  |TAMS 0x0000000713000000| PB 0x0000000713000000| Untracked 
| 101|0x0000000713200000, 0x0000000713200000, 0x0000000713400000|  0%| F|  |TAMS 0x0000000713200000| PB 0x0000000713200000| Untracked 
| 102|0x0000000713400000, 0x0000000713400000, 0x0000000713600000|  0%| F|  |TAMS 0x0000000713400000| PB 0x0000000713400000| Untracked 
| 103|0x0000000713600000, 0x0000000713600000, 0x0000000713800000|  0%| F|  |TAMS 0x0000000713600000| PB 0x0000000713600000| Untracked 
| 104|0x0000000713800000, 0x0000000713800000, 0x0000000713a00000|  0%| F|  |TAMS 0x0000000713800000| PB 0x0000000713800000| Untracked 
| 105|0x0000000713a00000, 0x0000000713a00000, 0x0000000713c00000|  0%| F|  |TAMS 0x0000000713a00000| PB 0x0000000713a00000| Untracked 
| 106|0x0000000713c00000, 0x0000000713c00000, 0x0000000713e00000|  0%| F|  |TAMS 0x0000000713c00000| PB 0x0000000713c00000| Untracked 
| 107|0x0000000713e00000, 0x0000000713e00000, 0x0000000714000000|  0%| F|  |TAMS 0x0000000713e00000| PB 0x0000000713e00000| Untracked 
| 108|0x0000000714000000, 0x0000000714000000, 0x0000000714200000|  0%| F|  |TAMS 0x0000000714000000| PB 0x0000000714000000| Untracked 
| 109|0x0000000714200000, 0x0000000714200000, 0x0000000714400000|  0%| F|  |TAMS 0x0000000714200000| PB 0x0000000714200000| Untracked 
| 110|0x0000000714400000, 0x0000000714400000, 0x0000000714600000|  0%| F|  |TAMS 0x0000000714400000| PB 0x0000000714400000| Untracked 
| 111|0x0000000714600000, 0x0000000714600000, 0x0000000714800000|  0%| F|  |TAMS 0x0000000714600000| PB 0x0000000714600000| Untracked 
| 112|0x0000000714800000, 0x0000000714800000, 0x0000000714a00000|  0%| F|  |TAMS 0x0000000714800000| PB 0x0000000714800000| Untracked 
| 113|0x0000000714a00000, 0x0000000714a00000, 0x0000000714c00000|  0%| F|  |TAMS 0x0000000714a00000| PB 0x0000000714a00000| Untracked 
| 114|0x0000000714c00000, 0x0000000714c00000, 0x0000000714e00000|  0%| F|  |TAMS 0x0000000714c00000| PB 0x0000000714c00000| Untracked 
| 115|0x0000000714e00000, 0x0000000714e00000, 0x0000000715000000|  0%| F|  |TAMS 0x0000000714e00000| PB 0x0000000714e00000| Untracked 
| 116|0x0000000715000000, 0x0000000715072c58, 0x0000000715200000| 22%| E|  |TAMS 0x0000000715000000| PB 0x0000000715000000| Complete 
| 117|0x0000000715200000, 0x0000000715400000, 0x0000000715400000|100%| E|CS|TAMS 0x0000000715200000| PB 0x0000000715200000| Complete 
| 118|0x0000000715400000, 0x0000000715600000, 0x0000000715600000|100%| E|CS|TAMS 0x0000000715400000| PB 0x0000000715400000| Complete 
| 119|0x0000000715600000, 0x0000000715800000, 0x0000000715800000|100%| E|CS|TAMS 0x0000000715600000| PB 0x0000000715600000| Complete 
| 120|0x0000000715800000, 0x0000000715a00000, 0x0000000715a00000|100%| E|CS|TAMS 0x0000000715800000| PB 0x0000000715800000| Complete 
| 121|0x0000000715a00000, 0x0000000715c00000, 0x0000000715c00000|100%| E|CS|TAMS 0x0000000715a00000| PB 0x0000000715a00000| Complete 
| 122|0x0000000715c00000, 0x0000000715e00000, 0x0000000715e00000|100%| E|CS|TAMS 0x0000000715c00000| PB 0x0000000715c00000| Complete 
| 123|0x0000000715e00000, 0x0000000716000000, 0x0000000716000000|100%| E|CS|TAMS 0x0000000715e00000| PB 0x0000000715e00000| Complete 
| 124|0x0000000716000000, 0x0000000716200000, 0x0000000716200000|100%| E|CS|TAMS 0x0000000716000000| PB 0x0000000716000000| Complete 

Card table byte_map: [0x000001a5ea070000,0x000001a5ea840000] _byte_map_base: 0x000001a5e683c000

Marking Bits: (CMBitMap*) 0x000001a5d5fc3320
 Bits: [0x000001a5ea840000, 0x000001a5ee6a0000)

Polling page: 0x000001a5d3e90000

Metaspace:

Usage:
  Non-class:      7.84 MB used.
      Class:      1.01 MB used.
       Both:      8.85 MB used.

Virtual space:
  Non-class space:       64.00 MB reserved,       7.94 MB ( 12%) committed,  1 nodes.
      Class space:        1.00 GB reserved,       1.12 MB ( <1%) committed,  1 nodes.
             Both:        1.06 GB reserved,       9.06 MB ( <1%) committed. 

Chunk freelists:
   Non-Class:  8.00 MB
       Class:  14.72 MB
        Both:  22.72 MB

MaxMetaspaceSize: unlimited
CompressedClassSpaceSize: 1.00 GB
Initial GC threshold: 21.00 MB
Current GC threshold: 21.00 MB
CDS: on
 - commit_granule_bytes: 65536.
 - commit_granule_words: 8192.
 - virtual_space_node_default_size: 8388608.
 - enlarge_chunks_in_place: 1.
 - use_allocation_guard: 0.


Internal statistics:

num_allocs_failed_limit: 0.
num_arena_births: 230.
num_arena_deaths: 0.
num_vsnodes_births: 2.
num_vsnodes_deaths: 0.
num_space_committed: 145.
num_space_uncommitted: 0.
num_chunks_returned_to_freelist: 0.
num_chunks_taken_from_freelist: 386.
num_chunk_merges: 0.
num_chunk_splits: 225.
num_chunks_enlarged: 111.
num_inconsistent_stats: 0.

CodeHeap 'non-profiled nmethods': size=119168Kb used=395Kb max_used=395Kb free=118772Kb
 bounds [0x000001a5e1a90000, 0x000001a5e1d00000, 0x000001a5e8ef0000]
CodeHeap 'profiled nmethods': size=119104Kb used=1946Kb max_used=1946Kb free=117157Kb
 bounds [0x000001a5d9ef0000, 0x000001a5da160000, 0x000001a5e1340000]
CodeHeap 'non-nmethods': size=7488Kb used=1999Kb max_used=2037Kb free=5488Kb
 bounds [0x000001a5e1340000, 0x000001a5e15b0000, 0x000001a5e1a90000]
 total_blobs=1720 nmethods=1199 adapters=425
 compilation: enabled
              stopped_count=0, restarted_count=0
 full_count=0

Compilation events (20 events):
Event: 5.626 Thread 0x000001a5f65fbce0 1186       3       jdk.internal.org.objectweb.asm.SymbolTable::computeBootstrapMethodsSize (27 bytes)
Event: 5.626 Thread 0x000001a5f65fbce0 nmethod 1186 0x000001a5da0c5710 code [0x000001a5da0c58c0, 0x000001a5da0c5a90]
Event: 5.626 Thread 0x000001a5f65fbce0 1187       3       jdk.internal.org.objectweb.asm.SymbolTable::getConstantPoolLength (8 bytes)
Event: 5.626 Thread 0x000001a5f65fbce0 nmethod 1187 0x000001a5da0c5b90 code [0x000001a5da0c5d20, 0x000001a5da0c5e38]
Event: 5.626 Thread 0x000001a5f65fbce0 1188       3       jdk.internal.org.objectweb.asm.ByteVector::<init> (12 bytes)
Event: 5.626 Thread 0x000001a5f65fbce0 nmethod 1188 0x000001a5da0c5f10 code [0x000001a5da0c60c0, 0x000001a5da0c6328]
Event: 5.626 Thread 0x000001a5f65fbce0 1189       3       jdk.internal.org.objectweb.asm.SymbolTable::putConstantPool (28 bytes)
Event: 5.627 Thread 0x000001a5f65fbce0 nmethod 1189 0x000001a5da0c6410 code [0x000001a5da0c65e0, 0x000001a5da0c67c8]
Event: 5.627 Thread 0x000001a5f65fbce0 1190       3       jdk.internal.org.objectweb.asm.SymbolTable::putBootstrapMethods (56 bytes)
Event: 5.628 Thread 0x000001a5f65fbce0 nmethod 1190 0x000001a5da0c6910 code [0x000001a5da0c6b20, 0x000001a5da0c6e48]
Event: 5.628 Thread 0x000001a5f65fbce0 1191       3       java.lang.Thread::onSpinWait (1 bytes)
Event: 5.628 Thread 0x000001a5f65fbce0 nmethod 1191 0x000001a5da0c7010 code [0x000001a5da0c71a0, 0x000001a5da0c7288]
Event: 5.629 Thread 0x000001a5f0abe7a0 nmethod 1185 0x000001a5da0c7310 code [0x000001a5da0c7c80, 0x000001a5da0cba60]
Event: 5.629 Thread 0x000001a5f0abe7a0 1192       3       java.lang.invoke.MemberName::<init> (139 bytes)
Event: 5.629 Thread 0x000001a5f0abe7a0 nmethod 1192 0x000001a5da0cda90 code [0x000001a5da0cddc0, 0x000001a5da0cef18]
Event: 5.629 Thread 0x000001a5f0abe7a0 1194   !   3       jdk.internal.loader.BuiltinClassLoader::defineClass (162 bytes)
Event: 5.629 Thread 0x000001a5f65fbce0 1195       3       jdk.internal.misc.Unsafe::checkSize (32 bytes)
Event: 5.629 Thread 0x000001a5f65fbce0 nmethod 1195 0x000001a5da0cf490 code [0x000001a5da0cf640, 0x000001a5da0cf8b0]
Event: 5.629 Thread 0x000001a5f65fbce0 1196       3       java.nio.ByteBuffer::hasArray (20 bytes)
Event: 5.629 Thread 0x000001a5f65fbce0 nmethod 1196 0x000001a5da0cf990 code [0x000001a5da0cfb40, 0x000001a5da0cfcd8]

GC Heap History (0 events):
No events

Dll operation events (2 events):
Event: 0.010 Loaded shared library C:\Program Files\JetBrains\IntelliJ IDEA 2024.3.5\jbr\bin\java.dll
Event: 0.036 Loaded shared library C:\Program Files\JetBrains\IntelliJ IDEA 2024.3.5\jbr\bin\zip.dll

Deoptimization events (20 events):
Event: 3.575 Thread 0x000001a5f64ab490 Uncommon trap: trap_request=0xffffff66 fr.pc=0x000001a5e1ae8ff4 relative=0x0000000000000314
Event: 3.575 Thread 0x000001a5f64ab490 Uncommon trap: reason=speculate_class_check action=maybe_recompile pc=0x000001a5e1ae8ff4 method=sun.security.util.math.intpoly.IntegerPolynomial.multByInt([JJ)V @ 26 c2
Event: 3.575 Thread 0x000001a5f64ab490 DEOPT PACKING pc=0x000001a5e1ae8ff4 sp=0x00000097824fe620
Event: 3.575 Thread 0x000001a5f64ab490 DEOPT UNPACKING pc=0x000001a5e13946a2 sp=0x00000097824fe508 mode 2
Event: 3.575 Thread 0x000001a5f64ab490 Uncommon trap: trap_request=0xffffff66 fr.pc=0x000001a5e1ae8ff4 relative=0x0000000000000314
Event: 3.575 Thread 0x000001a5f64ab490 Uncommon trap: reason=speculate_class_check action=maybe_recompile pc=0x000001a5e1ae8ff4 method=sun.security.util.math.intpoly.IntegerPolynomial.multByInt([JJ)V @ 26 c2
Event: 3.575 Thread 0x000001a5f64ab490 DEOPT PACKING pc=0x000001a5e1ae8ff4 sp=0x00000097824fe620
Event: 3.575 Thread 0x000001a5f64ab490 DEOPT UNPACKING pc=0x000001a5e13946a2 sp=0x00000097824fe508 mode 2
Event: 3.575 Thread 0x000001a5f64ab490 Uncommon trap: trap_request=0xffffff66 fr.pc=0x000001a5e1ae8ff4 relative=0x0000000000000314
Event: 3.575 Thread 0x000001a5f64ab490 Uncommon trap: reason=speculate_class_check action=maybe_recompile pc=0x000001a5e1ae8ff4 method=sun.security.util.math.intpoly.IntegerPolynomial.multByInt([JJ)V @ 26 c2
Event: 3.575 Thread 0x000001a5f64ab490 DEOPT PACKING pc=0x000001a5e1ae8ff4 sp=0x00000097824fe620
Event: 3.575 Thread 0x000001a5f64ab490 DEOPT UNPACKING pc=0x000001a5e13946a2 sp=0x00000097824fe508 mode 2
Event: 3.575 Thread 0x000001a5f64ab490 Uncommon trap: trap_request=0xffffff66 fr.pc=0x000001a5e1ae9974 relative=0x0000000000000314
Event: 3.575 Thread 0x000001a5f64ab490 Uncommon trap: reason=speculate_class_check action=maybe_recompile pc=0x000001a5e1ae9974 method=sun.security.util.math.intpoly.IntegerPolynomial.multByInt([JJ)V @ 26 c2
Event: 3.575 Thread 0x000001a5f64ab490 DEOPT PACKING pc=0x000001a5e1ae9974 sp=0x00000097824fe5b0
Event: 3.575 Thread 0x000001a5f64ab490 DEOPT UNPACKING pc=0x000001a5e13946a2 sp=0x00000097824fe500 mode 2
Event: 3.575 Thread 0x000001a5f64ab490 Uncommon trap: trap_request=0xffffff66 fr.pc=0x000001a5e1ae9974 relative=0x0000000000000314
Event: 3.575 Thread 0x000001a5f64ab490 Uncommon trap: reason=speculate_class_check action=maybe_recompile pc=0x000001a5e1ae9974 method=sun.security.util.math.intpoly.IntegerPolynomial.multByInt([JJ)V @ 26 c2
Event: 3.575 Thread 0x000001a5f64ab490 DEOPT PACKING pc=0x000001a5e1ae9974 sp=0x00000097824fe5b0
Event: 3.575 Thread 0x000001a5f64ab490 DEOPT UNPACKING pc=0x000001a5e13946a2 sp=0x00000097824fe500 mode 2

Classes loaded (20 events):
Event: 5.622 Loading class sun/security/ssl/SSLBasicKeyDerivation done
Event: 5.622 Loading class sun/security/ssl/SSLBasicKeyDerivation$SecretSizeSpec
Event: 5.622 Loading class sun/security/ssl/SSLBasicKeyDerivation$SecretSizeSpec done
Event: 5.625 Loading class jdk/internal/event/TLSHandshakeEvent
Event: 5.625 Loading class jdk/internal/event/TLSHandshakeEvent done
Event: 5.625 Loading class com/sun/crypto/provider/GaloisCounterMode$GCMEncrypt
Event: 5.625 Loading class com/sun/crypto/provider/GaloisCounterMode$GCMEncrypt done
Event: 5.625 Loading class com/sun/crypto/provider/GaloisCounterMode$EncryptOp
Event: 5.625 Loading class com/sun/crypto/provider/GaloisCounterMode$EncryptOp done
Event: 5.625 Loading class sun/security/ssl/CipherSuite$1
Event: 5.626 Loading class sun/security/ssl/CipherSuite$1 done
Event: 5.627 Loading class java/util/concurrent/CompletionException
Event: 5.627 Loading class java/util/concurrent/CompletionException done
Event: 5.627 Loading class java/util/concurrent/CancellationException
Event: 5.627 Loading class java/util/concurrent/CancellationException done
Event: 5.628 Loading class java/lang/Throwable$WrappedPrintStream
Event: 5.628 Loading class java/lang/Throwable$PrintStreamOrWriter
Event: 5.628 Loading class java/lang/Throwable$PrintStreamOrWriter done
Event: 5.628 Loading class java/lang/Throwable$WrappedPrintStream done
Event: 5.628 Loading class java/lang/StackTraceElement$HashedModules

Classes unloaded (0 events):
No events

Classes redefined (0 events):
No events

Internal exceptions (20 events):
Event: 0.306 Thread 0x000001a5d5f591a0 Exception <a 'java/lang/NoSuchMethodError'{0x0000000715ad5298}: 'int java.lang.invoke.DirectMethodHandle$Holder.invokeStaticInit(java.lang.Object, float, float)'> (0x0000000715ad5298) 
thrown [s\src\hotspot\share\interpreter\linkResolver.cpp, line 784]
Event: 0.307 Thread 0x000001a5d5f591a0 Exception <a 'java/lang/NoSuchMethodError'{0x0000000715adbd28}: 'int java.lang.invoke.DirectMethodHandle$Holder.invokeStaticInit(java.lang.Object, double, double)'> (0x0000000715adbd28) 
thrown [s\src\hotspot\share\interpreter\linkResolver.cpp, line 784]
Event: 0.307 Thread 0x000001a5d5f591a0 Exception <a 'java/lang/NoSuchMethodError'{0x0000000715ae03b0}: 'int java.lang.invoke.DirectMethodHandle$Holder.invokeStatic(java.lang.Object, long)'> (0x0000000715ae03b0) 
thrown [s\src\hotspot\share\interpreter\linkResolver.cpp, line 784]
Event: 0.312 Thread 0x000001a5d5f591a0 Exception <a 'java/lang/NoSuchMethodError'{0x0000000715b0a238}: 'java.lang.Object java.lang.invoke.DirectMethodHandle$Holder.invokeSpecial(java.lang.Object, java.lang.Object, int, java.lang.Object, java.lang.Object)'> (0x0000000715b0a238) 
thrown [s\src\hotspot\share\interpreter\linkResolver.cpp, line 784]
Event: 0.312 Thread 0x000001a5d5f591a0 Exception <a 'java/lang/NoSuchMethodError'{0x0000000715b0dbc8}: 'java.lang.Object java.lang.invoke.DelegatingMethodHandle$Holder.delegate(java.lang.Object, int, java.lang.Object, java.lang.Object)'> (0x0000000715b0dbc8) 
thrown [s\src\hotspot\share\interpreter\linkResolver.cpp, line 784]
Event: 0.314 Thread 0x000001a5d5f591a0 Exception <a 'java/lang/NoSuchMethodError'{0x0000000715b1cee8}: 'int java.lang.invoke.Invokers$Holder.linkToTargetMethod(java.lang.Object, java.lang.Object, java.lang.Object)'> (0x0000000715b1cee8) 
thrown [s\src\hotspot\share\interpreter\linkResolver.cpp, line 784]
Event: 0.319 Thread 0x000001a5d5f591a0 Exception <a 'java/lang/NoSuchMethodError'{0x0000000715b4eb90}: 'long java.lang.invoke.DirectMethodHandle$Holder.invokeSpecial(java.lang.Object, java.lang.Object)'> (0x0000000715b4eb90) 
thrown [s\src\hotspot\share\interpreter\linkResolver.cpp, line 784]
Event: 0.320 Thread 0x000001a5d5f591a0 Exception <a 'java/lang/NoSuchMethodError'{0x0000000715b55460}: 'int java.lang.invoke.DirectMethodHandle$Holder.invokeStatic(java.lang.Object, java.lang.Object, java.lang.Object, java.lang.Object)'> (0x0000000715b55460) 
thrown [s\src\hotspot\share\interpreter\linkResolver.cpp, line 784]
Event: 0.321 Thread 0x000001a5d5f591a0 Exception <a 'java/lang/NoSuchMethodError'{0x0000000715b58880}: 'java.lang.Object java.lang.invoke.Invokers$Holder.invokeExact_MT(java.lang.Object, java.lang.Object, java.lang.Object, java.lang.Object, java.lang.Object, java.lang.Object)'> (0x0000000715b58880) 
thrown [s\src\hotspot\share\interpreter\linkResolver.cpp, line 784]
Event: 0.398 Thread 0x000001a5d5f591a0 Exception <a 'java/lang/NoSuchMethodError'{0x0000000715955db8}: 'java.lang.Object java.lang.invoke.DirectMethodHandle$Holder.newInvokeSpecial(java.lang.Object, java.lang.Object, java.lang.Object, java.lang.Object, java.lang.Object)'> (0x0000000715955db8) 
thrown [s\src\hotspot\share\interpreter\linkResolver.cpp, line 784]
Event: 0.421 Thread 0x000001a5d5f591a0 Exception <a 'java/lang/NoSuchMethodError'{0x000000071574e678}: 'java.lang.Object java.lang.invoke.DirectMethodHandle$Holder.invokeSpecial(java.lang.Object, java.lang.Object, java.lang.Object, java.lang.Object, int)'> (0x000000071574e678) 
thrown [s\src\hotspot\share\interpreter\linkResolver.cpp, line 784]
Event: 0.421 Thread 0x000001a5d5f591a0 Exception <a 'java/lang/NoSuchMethodError'{0x0000000715751fe0}: 'java.lang.Object java.lang.invoke.Invokers$Holder.linkToTargetMethod(java.lang.Object, java.lang.Object, int, java.lang.Object)'> (0x0000000715751fe0) 
thrown [s\src\hotspot\share\interpreter\linkResolver.cpp, line 784]
Event: 0.427 Thread 0x000001a5d5f591a0 Exception <a 'java/lang/NoSuchMethodError'{0x0000000715780520}: 'void java.lang.invoke.DirectMethodHandle$Holder.invokeSpecial(java.lang.Object, java.lang.Object, java.lang.Object)'> (0x0000000715780520) 
thrown [s\src\hotspot\share\interpreter\linkResolver.cpp, line 784]
Event: 0.437 Thread 0x000001a5f645d0a0 Exception <a 'java/lang/NoSuchMethodError'{0x0000000715979738}: 'void java.lang.invoke.DirectMethodHandle$Holder.invokeStatic(java.lang.Object, java.lang.Object, int)'> (0x0000000715979738) 
thrown [s\src\hotspot\share\interpreter\linkResolver.cpp, line 784]
Event: 0.438 Thread 0x000001a5d5f591a0 Exception <a 'java/lang/NoSuchMethodError'{0x00000007154105c8}: 'void java.lang.invoke.DirectMethodHandle$Holder.invokeSpecial(java.lang.Object, java.lang.Object, java.lang.Object, java.lang.Object, java.lang.Object)'> (0x00000007154105c8) 
thrown [s\src\hotspot\share\interpreter\linkResolver.cpp, line 784]
Event: 1.447 Thread 0x000001a5f645d0a0 Exception <a 'java/lang/NoSuchMethodError'{0x00000007159b3430}: 'void java.lang.invoke.DirectMethodHandle$Holder.invokeStatic(java.lang.Object, java.lang.Object)'> (0x00000007159b3430) 
thrown [s\src\hotspot\share\interpreter\linkResolver.cpp, line 784]
Event: 1.447 Thread 0x000001a5f64ab490 Exception <a 'java/lang/NoSuchMethodError'{0x0000000715494be8}: 'void java.lang.invoke.DirectMethodHandle$Holder.invokeInterface(java.lang.Object, java.lang.Object, java.lang.Object)'> (0x0000000715494be8) 
thrown [s\src\hotspot\share\interpreter\linkResolver.cpp, line 784]
Event: 1.451 Thread 0x000001a5f64ab490 Exception <a 'java/lang/NoSuchMethodError'{0x00000007154e40a0}: 'void java.lang.invoke.DirectMethodHandle$Holder.invokeVirtual(java.lang.Object, java.lang.Object)'> (0x00000007154e40a0) 
thrown [s\src\hotspot\share\interpreter\linkResolver.cpp, line 784]
Event: 3.570 Thread 0x000001a5f64ab490 Exception <a 'java/lang/NoSuchMethodError'{0x00000007152f4fe8}: 'void java.lang.invoke.DirectMethodHandle$Holder.invokeInterface(java.lang.Object, java.lang.Object)'> (0x00000007152f4fe8) 
thrown [s\src\hotspot\share\interpreter\linkResolver.cpp, line 784]
Event: 5.626 Thread 0x000001a5f64ab490 Exception <a 'java/lang/NoSuchMethodError'{0x000000071536c4a8}: 'void java.lang.invoke.DirectMethodHandle$Holder.invokeStatic(java.lang.Object, java.lang.Object, java.lang.Object, java.lang.Object)'> (0x000000071536c4a8) 
thrown [s\src\hotspot\share\interpreter\linkResolver.cpp, line 784]

ZGC Phase Switch (0 events):
No events

VM Operations (14 events):
Event: 0.108 Executing VM operation: HandshakeAllThreads (Deoptimize)
Event: 0.108 Executing VM operation: HandshakeAllThreads (Deoptimize) done
Event: 0.117 Executing VM operation: HandshakeAllThreads (Deoptimize)
Event: 0.117 Executing VM operation: HandshakeAllThreads (Deoptimize) done
Event: 0.256 Executing VM operation: HandshakeAllThreads (Deoptimize)
Event: 0.256 Executing VM operation: HandshakeAllThreads (Deoptimize) done
Event: 0.439 Executing VM operation: HandshakeAllThreads (Deoptimize)
Event: 0.439 Executing VM operation: HandshakeAllThreads (Deoptimize) done
Event: 1.446 Executing VM operation: Cleanup
Event: 1.446 Executing VM operation: Cleanup done
Event: 2.455 Executing VM operation: Cleanup
Event: 2.532 Executing VM operation: Cleanup done
Event: 4.560 Executing VM operation: Cleanup
Event: 4.623 Executing VM operation: Cleanup done

Memory protections (0 events):
No events

Nmethod flushes (0 events):
No events

Events (20 events):
Event: 0.058 Thread 0x000001a5d5f591a0 Thread added: 0x000001a5f0abe7a0
Event: 0.085 Thread 0x000001a5f0abe7a0 Thread added: 0x000001a5f0a6e350
Event: 0.089 Thread 0x000001a5d5f591a0 Thread added: 0x000001a5f19fd5c0
Event: 0.091 Thread 0x000001a5d5f591a0 Thread added: 0x000001a5f1a0b5c0
Event: 0.097 Loaded shared library C:\Program Files\JetBrains\IntelliJ IDEA 2024.3.5\jbr\bin\net.dll
Event: 0.100 Loaded shared library C:\Program Files\JetBrains\IntelliJ IDEA 2024.3.5\jbr\bin\nio.dll
Event: 0.104 Loaded shared library C:\Program Files\JetBrains\IntelliJ IDEA 2024.3.5\jbr\bin\zip.dll
Event: 0.163 Loaded shared library C:\Program Files\JetBrains\IntelliJ IDEA 2024.3.5\jbr\bin\jimage.dll
Event: 0.353 Loaded shared library C:\Program Files\JetBrains\IntelliJ IDEA 2024.3.5\jbr\bin\sunmscapi.dll
Event: 0.389 Loaded shared library C:\Program Files\JetBrains\IntelliJ IDEA 2024.3.5\jbr\bin\extnet.dll
Event: 0.395 Thread 0x000001a5d5f591a0 Thread added: 0x000001a5f645d0a0
Event: 0.443 Thread 0x000001a5f645d0a0 Thread added: 0x000001a5f64ab490
Event: 1.447 Thread 0x000001a5f0a6e350 Thread exited: 0x000001a5f0a6e350
Event: 1.456 Thread 0x000001a5f645d0a0 Thread added: 0x000001a5f65556d0
Event: 1.473 Thread 0x000001a5f0abe7a0 Thread added: 0x000001a5f65fbce0
Event: 1.485 Thread 0x000001a5f65fbce0 Thread added: 0x000001a5f65fc880
Event: 1.486 Thread 0x000001a5f0abe7a0 Thread added: 0x000001a5f65fcf20
Event: 1.488 Thread 0x000001a5f65fbce0 Thread added: 0x000001a5f64fcf50
Event: 5.622 Thread 0x000001a5f64fcf50 Thread exited: 0x000001a5f64fcf50
Event: 5.623 Thread 0x000001a5f65fcf20 Thread exited: 0x000001a5f65fcf20


Dynamic libraries:
0x00007ff6e17a0000 - 0x00007ff6e17aa000 	C:\Program Files\JetBrains\IntelliJ IDEA 2024.3.5\jbr\bin\java.exe
0x00007ff863220000 - 0x00007ff863488000 	C:\WINDOWS\SYSTEM32\ntdll.dll
0x00007ff861000000 - 0x00007ff8610c9000 	C:\WINDOWS\System32\KERNEL32.DLL
0x00007ff860720000 - 0x00007ff860b12000 	C:\WINDOWS\System32\KERNELBASE.dll
0x00007ff8605d0000 - 0x00007ff86071b000 	C:\WINDOWS\System32\ucrtbase.dll
0x00007ff8465a0000 - 0x00007ff8465bb000 	C:\Program Files\JetBrains\IntelliJ IDEA 2024.3.5\jbr\bin\VCRUNTIME140.dll
0x00007ff82fce0000 - 0x00007ff82fcf8000 	C:\Program Files\JetBrains\IntelliJ IDEA 2024.3.5\jbr\bin\jli.dll
0x00007ff8623b0000 - 0x00007ff862575000 	C:\WINDOWS\System32\USER32.dll
0x00007ff860b20000 - 0x00007ff860b47000 	C:\WINDOWS\System32\win32u.dll
0x00007ff8610d0000 - 0x00007ff8610fb000 	C:\WINDOWS\System32\GDI32.dll
0x00007ff860e00000 - 0x00007ff860f2d000 	C:\WINDOWS\System32\gdi32full.dll
0x00007ff8603b0000 - 0x00007ff860453000 	C:\WINDOWS\System32\msvcp_win.dll
0x00007ff840830000 - 0x00007ff840ac3000 	C:\WINDOWS\WinSxS\amd64_microsoft.windows.common-controls_6595b64144ccf1df_6.0.26100.6899_none_3e0efeeae32e88c1\COMCTL32.dll
0x00007ff861580000 - 0x00007ff861629000 	C:\WINDOWS\System32\msvcrt.dll
0x00007ff8631a0000 - 0x00007ff8631cf000 	C:\WINDOWS\System32\IMM32.DLL
0x00007ff846590000 - 0x00007ff84659c000 	C:\Program Files\JetBrains\IntelliJ IDEA 2024.3.5\jbr\bin\vcruntime140_1.dll
0x00007fffd3b00000 - 0x00007fffd3b8d000 	C:\Program Files\JetBrains\IntelliJ IDEA 2024.3.5\jbr\bin\msvcp140.dll
0x00007fffd0a20000 - 0x00007fffd17e1000 	C:\Program Files\JetBrains\IntelliJ IDEA 2024.3.5\jbr\bin\server\jvm.dll
0x00007ff861fd0000 - 0x00007ff862084000 	C:\WINDOWS\System32\ADVAPI32.dll
0x00007ff862f10000 - 0x00007ff862fb6000 	C:\WINDOWS\System32\sechost.dll
0x00007ff861eb0000 - 0x00007ff861fc8000 	C:\WINDOWS\System32\RPCRT4.dll
0x00007ff861d80000 - 0x00007ff861df4000 	C:\WINDOWS\System32\WS2_32.dll
0x00007ff840b10000 - 0x00007ff840b1b000 	C:\WINDOWS\SYSTEM32\VERSION.dll
0x00007ff860210000 - 0x00007ff86026e000 	C:\WINDOWS\SYSTEM32\POWRPROF.dll
0x00007ff846c10000 - 0x00007ff846c45000 	C:\WINDOWS\SYSTEM32\WINMM.dll
0x00007ff8601f0000 - 0x00007ff860204000 	C:\WINDOWS\SYSTEM32\UMPDC.dll
0x00007ff85f180000 - 0x00007ff85f19b000 	C:\WINDOWS\SYSTEM32\kernel.appcore.dll
0x00007ff846580000 - 0x00007ff84658a000 	C:\Program Files\JetBrains\IntelliJ IDEA 2024.3.5\jbr\bin\jimage.dll
0x00007ff85db20000 - 0x00007ff85dd62000 	C:\WINDOWS\SYSTEM32\DBGHELP.DLL
0x00007ff861200000 - 0x00007ff86157b000 	C:\WINDOWS\System32\combase.dll
0x00007ff8622d0000 - 0x00007ff8623a7000 	C:\WINDOWS\System32\OLEAUT32.dll
0x00007ff83b120000 - 0x00007ff83b15c000 	C:\WINDOWS\SYSTEM32\dbgcore.DLL
0x00007ff860be0000 - 0x00007ff860c78000 	C:\WINDOWS\System32\bcryptPrimitives.dll
0x00007ff846560000 - 0x00007ff846580000 	C:\Program Files\JetBrains\IntelliJ IDEA 2024.3.5\jbr\bin\java.dll
0x00007ff861630000 - 0x00007ff861d7d000 	C:\WINDOWS\System32\SHELL32.dll
0x00007ff860460000 - 0x00007ff8605cb000 	C:\WINDOWS\System32\wintypes.dll
0x00007ff85e000000 - 0x00007ff85e85d000 	C:\WINDOWS\SYSTEM32\windows.storage.dll
0x00007ff862e10000 - 0x00007ff862f02000 	C:\WINDOWS\System32\SHCORE.dll
0x00007ff862260000 - 0x00007ff8622c2000 	C:\WINDOWS\System32\shlwapi.dll
0x00007ff8602d0000 - 0x00007ff8602f9000 	C:\WINDOWS\SYSTEM32\profapi.dll
0x00007ff846540000 - 0x00007ff846558000 	C:\Program Files\JetBrains\IntelliJ IDEA 2024.3.5\jbr\bin\zip.dll
0x00007ff846530000 - 0x00007ff846540000 	C:\Program Files\JetBrains\IntelliJ IDEA 2024.3.5\jbr\bin\net.dll
0x00007ff858bd0000 - 0x00007ff858cef000 	C:\WINDOWS\SYSTEM32\WINHTTP.dll
0x00007ff85f6f0000 - 0x00007ff85f75b000 	C:\WINDOWS\system32\mswsock.dll
0x00007ff846510000 - 0x00007ff846526000 	C:\Program Files\JetBrains\IntelliJ IDEA 2024.3.5\jbr\bin\nio.dll
0x00007ff85f9a0000 - 0x00007ff85f9bb000 	C:\WINDOWS\SYSTEM32\CRYPTSP.dll
0x00007ff85f0e0000 - 0x00007ff85f11b000 	C:\WINDOWS\system32\rsaenh.dll
0x00007ff85f790000 - 0x00007ff85f7bb000 	C:\WINDOWS\SYSTEM32\USERENV.dll
0x00007ff8602a0000 - 0x00007ff8602c6000 	C:\WINDOWS\SYSTEM32\bcrypt.dll
0x00007ff85f9c0000 - 0x00007ff85f9cc000 	C:\WINDOWS\SYSTEM32\CRYPTBASE.dll
0x00007ff85ecd0000 - 0x00007ff85ed04000 	C:\WINDOWS\SYSTEM32\IPHLPAPI.DLL
0x00007ff863100000 - 0x00007ff86310a000 	C:\WINDOWS\System32\NSI.dll
0x00007ff8464e0000 - 0x00007ff8464ee000 	C:\Program Files\JetBrains\IntelliJ IDEA 2024.3.5\jbr\bin\sunmscapi.dll
0x00007ff860c80000 - 0x00007ff860df7000 	C:\WINDOWS\System32\CRYPT32.dll
0x00007ff85fbc0000 - 0x00007ff85fbf0000 	C:\WINDOWS\SYSTEM32\ncrypt.dll
0x00007ff85fb70000 - 0x00007ff85fbaf000 	C:\WINDOWS\SYSTEM32\NTASN1.dll
0x00007ff837800000 - 0x00007ff837808000 	C:\WINDOWS\system32\wshunix.dll
0x00007ff8463e0000 - 0x00007ff8463e9000 	C:\Program Files\JetBrains\IntelliJ IDEA 2024.3.5\jbr\bin\extnet.dll

dbghelp: loaded successfully - version: 4.0.5 - missing functions: none
symbol engine: initialized successfully - sym options: 0x614 - pdb path: .;C:\Program Files\JetBrains\IntelliJ IDEA 2024.3.5\jbr\bin;C:\WINDOWS\SYSTEM32;C:\WINDOWS\WinSxS\amd64_microsoft.windows.common-controls_6595b64144ccf1df_6.0.26100.6899_none_3e0efeeae32e88c1;C:\Program Files\JetBrains\IntelliJ IDEA 2024.3.5\jbr\bin\server

VM Arguments:
java_command: git4idea.http.GitAskPassApp Username for 'https://github.com': 
java_class_path (initial): C:/Program Files/JetBrains/IntelliJ IDEA 2024.3.5/plugins/vcs-git/lib/git4idea-rt.jar;C:/Program Files/JetBrains/IntelliJ IDEA 2024.3.5/lib/externalProcess-rt.jar
Launcher Type: SUN_STANDARD

[Global flags]
     intx CICompilerCount                          = 12                                        {product} {ergonomic}
     uint ConcGCThreads                            = 4                                         {product} {ergonomic}
     uint G1ConcRefinementThreads                  = 14                                        {product} {ergonomic}
   size_t G1HeapRegionSize                         = 2097152                                   {product} {ergonomic}
    uintx GCDrainStackTargetSize                   = 64                                        {product} {ergonomic}
   size_t InitialHeapSize                          = 262144000                                 {product} {ergonomic}
   size_t MarkStackSize                            = 4194304                                   {product} {ergonomic}
   size_t MaxHeapSize                              = 4185915392                                {product} {ergonomic}
   size_t MaxNewSize                               = 2510290944                                {product} {ergonomic}
   size_t MinHeapDeltaBytes                        = 2097152                                   {product} {ergonomic}
   size_t MinHeapSize                              = 8388608                                   {product} {ergonomic}
    uintx NonNMethodCodeHeapSize                   = 7602480                                {pd product} {ergonomic}
    uintx NonProfiledCodeHeapSize                  = 122027880                              {pd product} {ergonomic}
    uintx ProfiledCodeHeapSize                     = 122027880                              {pd product} {ergonomic}
    uintx ReservedCodeCacheSize                    = 251658240                              {pd product} {ergonomic}
     bool SegmentedCodeCache                       = true                                      {product} {ergonomic}
   size_t SoftMaxHeapSize                          = 4185915392                             {manageable} {ergonomic}
     bool UseCompressedOops                        = true                           {product lp64_product} {ergonomic}
     bool UseG1GC                                  = true                                      {product} {ergonomic}
     bool UseLargePagesIndividualAllocation        = false                                  {pd product} {ergonomic}

Logging:
Log output configuration:
 #0: stdout all=warning uptime,level,tags foldmultilines=false
 #1: stderr all=off uptime,level,tags foldmultilines=false

Environment Variables:
JAVA_HOME=C:\Program Files\Java\jdk-21
PATH=C:\Program Files\Git\mingw64\libexec\git-core;C:\Program Files\Git\mingw64\libexec\git-core;C:\Program Files\Git\mingw64\bin;C:\Program Files\Git\usr\bin;C:\Users\choih\bin;C:\oracle\bin;C:\Users\choih\AppData\Local\Programs\cursor\resources\app\bin;C:\Program Files\Java\jdk-21\bin;C:\Program Files\Common Files\Oracle\Java\javapath;C:\WINDOWS\system32;C:\WINDOWS;C:\WINDOWS\System32\Wbem;C:\WINDOWS\System32\WindowsPowerShell\v1.0;C:\WINDOWS\System32\OpenSSH;C:\Program Files\Git\cmd;C:\Program Files\nodejs;C:\Program Files (x86)\Windows Kits\10\Windows Performance Toolkit;C:\Python312\Scripts;C:\Python312;C:\Users\choih\AppData\Local\Microsoft\WindowsApps;C:\Users\choih\AppData\Roaming\npm;C:\Program Files\JetBrains\IntelliJ IDEA 2024.3.5\bin;C:\Program Files\JetBrains\DataGrip 2024.3.5\bin;C:\Users\choih\AppData\Local\Programs\cursor\resources\app\bin;C:\Users\choih\AppData\Local\Programs\cursor\resources\app\bin;C:\Program Files\Docker\Docker\resources\bin;C:\Program Files\MySQL\MySQL Server 8.0\bin;C:\Program Files\MySQL\MySQL Shell 8.0\bin;C:\Python312\Scripts;C:\Python312;C:\Users\choih\AppData\Local\Microsoft\WindowsApps;C:\Users\choih\AppData\Local\Programs\Microsoft VS Code\bin;C:\Users\choih\AppData\Roaming\npm;C:\Program Files\JetBrains\IntelliJ IDEA 2024.3.5\bin;C:\Program Files\JetBrains\DataGrip 2024.3.5\bin;C:\Users\choih\AppData\Local\Programs\cursor\resources\app\bin;C:\Program Files\MySQL\MySQL Server 8.0\bin;C:\Users\choih\AppData\Local\Google\Cloud SDK\google-cloud-sdk\bin;C:\Users\choih\AppData\Roaming\npm
USERNAME=choih
DISPLAY=:0.0
LC_ALL=en_US.UTF-8
TERM=xterm-256color
TMPDIR=C:\Users\choih\AppData\Local\Temp
OS=Windows_NT
PROCESSOR_IDENTIFIER=Intel64 Family 6 Model 170 Stepping 4, GenuineIntel
TMP=C:\Users\choih\AppData\Local\Temp
TEMP=C:\Users\choih\AppData\Local\Temp




Periodic native trim disabled

JNI global refs:
JNI global refs: 29, weak refs: 0

JNI global refs memory usage: 835, weak refs: 201

Process memory usage:
Resident Set Size: 86864K (0% of 16347376K total physical memory with 1229712K free physical memory)

OOME stack traces (most recent first):
Classloader memory used:
Loader bootstrap                                                                       : 7269K
Loader jdk.internal.loader.ClassLoaders$PlatformClassLoader                            : 1777K
Loader jdk.internal.loader.ClassLoaders$AppClassLoader                                 : 16448B

---------------  S Y S T E M  ---------------

OS:
 Windows 11 , 64 bit Build 26100 (10.0.26100.6725)
OS uptime: 0 days 7:16 hours
Hyper-V role detected

CPU: total 18 (initial active 18) (9 cores per cpu, 2 threads per core) family 6 model 170 stepping 4 microcode 0x1c, cx8, cmov, fxsr, ht, mmx, 3dnowpref, sse, sse2, sse3, ssse3, sse4.1, sse4.2, popcnt, lzcnt, tsc, tscinvbit, avx, avx2, aes, erms, clmul, bmi1, bmi2, adx, sha, fma, vzeroupper, clflush, clflushopt, clwb, hv, serialize, rdtscp, rdpid, fsrm, f16c, cet_ibt, cet_ss
Processor Information for processor 0
  Max Mhz: 1200, Current Mhz: 1200, Mhz Limit: 1200
Processor Information for processor 1
  Max Mhz: 1200, Current Mhz: 1200, Mhz Limit: 1200
Processor Information for processor 2
  Max Mhz: 3600, Current Mhz: 700, Mhz Limit: 684
Processor Information for processor 3
  Max Mhz: 3600, Current Mhz: 700, Mhz Limit: 684
Processor Information for processor 4
  Max Mhz: 3600, Current Mhz: 700, Mhz Limit: 684
Processor Information for processor 5
  Max Mhz: 3600, Current Mhz: 700, Mhz Limit: 684
Processor Information for processor 6
  Max Mhz: 3600, Current Mhz: 700, Mhz Limit: 684
Processor Information for processor 7
  Max Mhz: 3600, Current Mhz: 700, Mhz Limit: 684
Processor Information for processor 8
  Max Mhz: 3600, Current Mhz: 700, Mhz Limit: 684
Processor Information for processor 9
  Max Mhz: 3600, Current Mhz: 700, Mhz Limit: 684
Processor Information for processor 10
  Max Mhz: 1200, Current Mhz: 1200, Mhz Limit: 1200
Processor Information for processor 11
  Max Mhz: 1200, Current Mhz: 1200, Mhz Limit: 1200
Processor Information for processor 12
  Max Mhz: 1200, Current Mhz: 1200, Mhz Limit: 1200
Processor Information for processor 13
  Max Mhz: 1200, Current Mhz: 1200, Mhz Limit: 1200
Processor Information for processor 14
  Max Mhz: 1200, Current Mhz: 1200, Mhz Limit: 1200
Processor Information for processor 15
  Max Mhz: 1200, Current Mhz: 1200, Mhz Limit: 1200
Processor Information for processor 16
  Max Mhz: 2500, Current Mhz: 700, Mhz Limit: 700
Processor Information for processor 17
  Max Mhz: 2500, Current Mhz: 700, Mhz Limit: 700

Memory: 4k page, system-wide physical 15964M (1200M free)
TotalPageFile size 24156M (AvailPageFile size 17M)
current process WorkingSet (physical memory assigned to process): 84M, peak: 87M
current process commit charge ("private bytes"): 370M, peak: 375M

vm_info: OpenJDK 64-Bit Server VM (21.0.6+8-b631.39) for windows-amd64 JRE (21.0.6+8-b631.39), built on 2025-02-04 by "builduser" with MS VC++ 16.10 / 16.11 (VS2019)

END.
